Build started 8/29/2013 10:32:25 PM.
     1>Project "c:\Users\Cory\documents\visual studio 2010\Projects\PE-2\PE-2\PE-2.vcxproj" on node 2 (build target(s)).
     1>InitializeBuildStatus:
         Creating "Debug\PE-2.unsuccessfulbuild" because "AlwaysCreate" was specified.
       ClCompile:
         c:\Program Files (x86)\Microsoft Visual Studio 10.0\VC\bin\CL.exe /c /ZI /nologo /W3 /WX- /Od /Oy- /D _MBCS /Gm /EHsc /RTC1 /MDd /GS /fp:precise /Zc:wchar_t /Zc:forScope /Fo"Debug\\" /Fd"Debug\vc100.pdb" /Gd /TP /analyze- /errorReport:prompt main.cpp
         main.cpp
     1>c:\users\cory\documents\visual studio 2010\projects\pe-2\pe-2\main.cpp(22): error C2065: 'term2' : undeclared identifier
     1>c:\users\cory\documents\visual studio 2010\projects\pe-2\pe-2\main.cpp(22): error C2059: syntax error : 'bad suffix on number'
     1>c:\users\cory\documents\visual studio 2010\projects\pe-2\pe-2\main.cpp(22): error C2146: syntax error : missing ')' before identifier '_000_000'
     1>c:\users\cory\documents\visual studio 2010\projects\pe-2\pe-2\main.cpp(22): fatal error C1903: unable to recover from previous error(s); stopping compilation
     1>Done Building Project "c:\Users\Cory\documents\visual studio 2010\Projects\PE-2\PE-2\PE-2.vcxproj" (build target(s)) -- FAILED.

Build FAILED.

Time Elapsed 00:00:00.48
